Building DAG of jobs...
Using shell: /home/elkon2/thomym/micromamba/envs/modisco-env/bin/bash
Provided cores: 6
Rules claiming more threads will be scaled down.
Provided resources: sample_null_blocks_concurrent=1
Job stats:
job                   count
------------------  -------
all                       1
main_gwas_to_vcf          1
mock_to_vcf             300
pre_clumping              1
sample_null_blocks        1
total                   304

Select jobs to execute...

[Wed Jan 14 10:27:36 2026]
rule pre_clumping:
    input: /home/elkon2/hagailevi/PRS/GWASs/bcac_onco_eur-5pcs/gwas.QC.Transformed, /home/elkon2/thomym/PRS/datasets/dec_gaga/1kg/pop.panel, /home/elkon2/thomym/PRS/datasets/dec_gaga/1kg/original/ds.bed, /home/elkon2/thomym/PRS/datasets/dec_gaga/1kg/original/ds.bim, /home/elkon2/thomym/PRS/datasets/dec_gaga/1kg/original/ds.fam
    output: /home/gaga/thomym/clean_pipeline_article/try_1_results/bcac_onco_eur-5pcs/pre_clumping_and_ld/bcac_onco_eur-5pcs_FILTERED_1kg/ds.bed, /home/gaga/thomym/clean_pipeline_article/try_1_results/bcac_onco_eur-5pcs/pre_clumping_and_ld/bcac_onco_eur-5pcs_FILTERED_1kg/ds.bim, /home/gaga/thomym/clean_pipeline_article/try_1_results/bcac_onco_eur-5pcs/pre_clumping_and_ld/bcac_onco_eur-5pcs_FILTERED_1kg/ds.fam, /home/gaga/thomym/clean_pipeline_article/try_1_results/bcac_onco_eur-5pcs/pre_clumping_and_ld/gwas_for_clumping.txt
    jobid: 2
    reason: Missing output files: /home/gaga/thomym/clean_pipeline_article/try_1_results/bcac_onco_eur-5pcs/pre_clumping_and_ld/gwas_for_clumping.txt, /home/gaga/thomym/clean_pipeline_article/try_1_results/bcac_onco_eur-5pcs/pre_clumping_and_ld/bcac_onco_eur-5pcs_FILTERED_1kg/ds.fam, /home/gaga/thomym/clean_pipeline_article/try_1_results/bcac_onco_eur-5pcs/pre_clumping_and_ld/bcac_onco_eur-5pcs_FILTERED_1kg/ds.bim, /home/gaga/thomym/clean_pipeline_article/try_1_results/bcac_onco_eur-5pcs/pre_clumping_and_ld/bcac_onco_eur-5pcs_FILTERED_1kg/ds.bed
    wildcards: gwas=bcac_onco_eur-5pcs
    resources: tmpdir=/tmp

[Wed Jan 14 10:55:03 2026]
Error in rule pre_clumping:
    jobid: 2
    input: /home/elkon2/hagailevi/PRS/GWASs/bcac_onco_eur-5pcs/gwas.QC.Transformed, /home/elkon2/thomym/PRS/datasets/dec_gaga/1kg/pop.panel, /home/elkon2/thomym/PRS/datasets/dec_gaga/1kg/original/ds.bed, /home/elkon2/thomym/PRS/datasets/dec_gaga/1kg/original/ds.bim, /home/elkon2/thomym/PRS/datasets/dec_gaga/1kg/original/ds.fam
    output: /home/gaga/thomym/clean_pipeline_article/try_1_results/bcac_onco_eur-5pcs/pre_clumping_and_ld/bcac_onco_eur-5pcs_FILTERED_1kg/ds.bed, /home/gaga/thomym/clean_pipeline_article/try_1_results/bcac_onco_eur-5pcs/pre_clumping_and_ld/bcac_onco_eur-5pcs_FILTERED_1kg/ds.bim, /home/gaga/thomym/clean_pipeline_article/try_1_results/bcac_onco_eur-5pcs/pre_clumping_and_ld/bcac_onco_eur-5pcs_FILTERED_1kg/ds.fam, /home/gaga/thomym/clean_pipeline_article/try_1_results/bcac_onco_eur-5pcs/pre_clumping_and_ld/gwas_for_clumping.txt
    shell:
        
        bash gen_pre_clumping.sh             -g /home/elkon2/hagailevi/PRS/GWASs/bcac_onco_eur-5pcs/gwas.QC.Transformed             -p /home/elkon2/thomym/PRS/datasets/dec_gaga/1kg/pop.panel             -k /home/elkon2/thomym/PRS/datasets/dec_gaga/1kg/original/ds             -b /home/gaga/thomym/clean_pipeline_article/try_1_results/bcac_onco_eur-5pcs             -n bcac_onco_eur-5pcs             -m /home/elkon2/hagailevi/PRS/data/auxiliary/gnomad/v4.1/gnomad.v4.1.chr_all_eur_maf_0
        
        (one of the commands exited with non-zero exit code; note that snakemake uses bash strict mode!)

Shutting down, this might take some time.
Exiting because a job execution failed. Look above for error message
Complete log: .snakemake/log/2026-01-14T102734.575828.snakemake.log
