Building DAG of jobs...
Using shell: /home/elkon2/thomym/micromamba/envs/modisco-env/bin/bash
Provided cores: 6
Rules claiming more threads will be scaled down.
Provided resources: sample_null_blocks_concurrent=1
Job stats:
job                   count
------------------  -------
all                       1
main_gwas_to_vcf          4
mock_to_vcf            1200
pre_clumping              4
sample_null_blocks        4
total                  1213

Select jobs to execute...

[Wed Jan 14 13:50:17 2026]
rule pre_clumping:
    input: /home/elkon2/hagailevi/PRS/GWASs/D_bca_michailidou_2017/gwas.QC.Transformed, /home/elkon2/thomym/PRS/datasets/dec_gaga/1kg/pop.panel, /home/elkon2/thomym/PRS/datasets/dec_gaga/1kg/original/ds.bed, /home/elkon2/thomym/PRS/datasets/dec_gaga/1kg/original/ds.bim, /home/elkon2/thomym/PRS/datasets/dec_gaga/1kg/original/ds.fam
    output: /home/gaga/thomym/clean_pipeline_article/try_1_results/D_bca_michailidou_2017/pre_clumping_and_ld/D_bca_michailidou_2017_FILTERED_1kg/ds.bed, /home/gaga/thomym/clean_pipeline_article/try_1_results/D_bca_michailidou_2017/pre_clumping_and_ld/D_bca_michailidou_2017_FILTERED_1kg/ds.bim, /home/gaga/thomym/clean_pipeline_article/try_1_results/D_bca_michailidou_2017/pre_clumping_and_ld/D_bca_michailidou_2017_FILTERED_1kg/ds.fam, /home/gaga/thomym/clean_pipeline_article/try_1_results/D_bca_michailidou_2017/pre_clumping_and_ld/gwas_for_clumping.txt
    jobid: 2
    reason: Missing output files: /home/gaga/thomym/clean_pipeline_article/try_1_results/D_bca_michailidou_2017/pre_clumping_and_ld/D_bca_michailidou_2017_FILTERED_1kg/ds.fam, /home/gaga/thomym/clean_pipeline_article/try_1_results/D_bca_michailidou_2017/pre_clumping_and_ld/D_bca_michailidou_2017_FILTERED_1kg/ds.bed, /home/gaga/thomym/clean_pipeline_article/try_1_results/D_bca_michailidou_2017/pre_clumping_and_ld/D_bca_michailidou_2017_FILTERED_1kg/ds.bim, /home/gaga/thomym/clean_pipeline_article/try_1_results/D_bca_michailidou_2017/pre_clumping_and_ld/gwas_for_clumping.txt
    wildcards: gwas=D_bca_michailidou_2017
    resources: tmpdir=/tmp


[Wed Jan 14 13:50:17 2026]
rule pre_clumping:
    input: /home/elkon2/hagailevi/PRS/GWASs/D2_ldlp_willer_2013/gwas.QC.Transformed, /home/elkon2/thomym/PRS/datasets/dec_gaga/1kg/pop.panel, /home/elkon2/thomym/PRS/datasets/dec_gaga/1kg/original/ds.bed, /home/elkon2/thomym/PRS/datasets/dec_gaga/1kg/original/ds.bim, /home/elkon2/thomym/PRS/datasets/dec_gaga/1kg/original/ds.fam
    output: /home/gaga/thomym/clean_pipeline_article/try_1_results/D2_ldlp_willer_2013/pre_clumping_and_ld/D2_ldlp_willer_2013_FILTERED_1kg/ds.bed, /home/gaga/thomym/clean_pipeline_article/try_1_results/D2_ldlp_willer_2013/pre_clumping_and_ld/D2_ldlp_willer_2013_FILTERED_1kg/ds.bim, /home/gaga/thomym/clean_pipeline_article/try_1_results/D2_ldlp_willer_2013/pre_clumping_and_ld/D2_ldlp_willer_2013_FILTERED_1kg/ds.fam, /home/gaga/thomym/clean_pipeline_article/try_1_results/D2_ldlp_willer_2013/pre_clumping_and_ld/gwas_for_clumping.txt
    jobid: 8
    reason: Missing output files: /home/gaga/thomym/clean_pipeline_article/try_1_results/D2_ldlp_willer_2013/pre_clumping_and_ld/D2_ldlp_willer_2013_FILTERED_1kg/ds.bed, /home/gaga/thomym/clean_pipeline_article/try_1_results/D2_ldlp_willer_2013/pre_clumping_and_ld/D2_ldlp_willer_2013_FILTERED_1kg/ds.bim, /home/gaga/thomym/clean_pipeline_article/try_1_results/D2_ldlp_willer_2013/pre_clumping_and_ld/D2_ldlp_willer_2013_FILTERED_1kg/ds.fam, /home/gaga/thomym/clean_pipeline_article/try_1_results/D2_ldlp_willer_2013/pre_clumping_and_ld/gwas_for_clumping.txt
    wildcards: gwas=D2_ldlp_willer_2013
    resources: tmpdir=/tmp


[Wed Jan 14 13:50:17 2026]
rule pre_clumping:
    input: /home/elkon2/hagailevi/PRS/GWASs/D_crd_lange_2017/gwas.QC.Transformed, /home/elkon2/thomym/PRS/datasets/dec_gaga/1kg/pop.panel, /home/elkon2/thomym/PRS/datasets/dec_gaga/1kg/original/ds.bed, /home/elkon2/thomym/PRS/datasets/dec_gaga/1kg/original/ds.bim, /home/elkon2/thomym/PRS/datasets/dec_gaga/1kg/original/ds.fam
    output: /home/gaga/thomym/clean_pipeline_article/try_1_results/D_crd_lange_2017/pre_clumping_and_ld/D_crd_lange_2017_FILTERED_1kg/ds.bed, /home/gaga/thomym/clean_pipeline_article/try_1_results/D_crd_lange_2017/pre_clumping_and_ld/D_crd_lange_2017_FILTERED_1kg/ds.bim, /home/gaga/thomym/clean_pipeline_article/try_1_results/D_crd_lange_2017/pre_clumping_and_ld/D_crd_lange_2017_FILTERED_1kg/ds.fam, /home/gaga/thomym/clean_pipeline_article/try_1_results/D_crd_lange_2017/pre_clumping_and_ld/gwas_for_clumping.txt
    jobid: 4
    reason: Missing output files: /home/gaga/thomym/clean_pipeline_article/try_1_results/D_crd_lange_2017/pre_clumping_and_ld/D_crd_lange_2017_FILTERED_1kg/ds.fam, /home/gaga/thomym/clean_pipeline_article/try_1_results/D_crd_lange_2017/pre_clumping_and_ld/gwas_for_clumping.txt, /home/gaga/thomym/clean_pipeline_article/try_1_results/D_crd_lange_2017/pre_clumping_and_ld/D_crd_lange_2017_FILTERED_1kg/ds.bim, /home/gaga/thomym/clean_pipeline_article/try_1_results/D_crd_lange_2017/pre_clumping_and_ld/D_crd_lange_2017_FILTERED_1kg/ds.bed
    wildcards: gwas=D_crd_lange_2017
    resources: tmpdir=/tmp


[Wed Jan 14 13:50:17 2026]
rule pre_clumping:
    input: /home/elkon2/hagailevi/PRS/GWASs/bcac_onco_eur-5pcs/gwas.QC.Transformed, /home/elkon2/thomym/PRS/datasets/dec_gaga/1kg/pop.panel, /home/elkon2/thomym/PRS/datasets/dec_gaga/1kg/original/ds.bed, /home/elkon2/thomym/PRS/datasets/dec_gaga/1kg/original/ds.bim, /home/elkon2/thomym/PRS/datasets/dec_gaga/1kg/original/ds.fam
    output: /home/gaga/thomym/clean_pipeline_article/try_1_results/bcac_onco_eur-5pcs/pre_clumping_and_ld/bcac_onco_eur-5pcs_FILTERED_1kg/ds.bed, /home/gaga/thomym/clean_pipeline_article/try_1_results/bcac_onco_eur-5pcs/pre_clumping_and_ld/bcac_onco_eur-5pcs_FILTERED_1kg/ds.bim, /home/gaga/thomym/clean_pipeline_article/try_1_results/bcac_onco_eur-5pcs/pre_clumping_and_ld/bcac_onco_eur-5pcs_FILTERED_1kg/ds.fam, /home/gaga/thomym/clean_pipeline_article/try_1_results/bcac_onco_eur-5pcs/pre_clumping_and_ld/gwas_for_clumping.txt
    jobid: 6
    reason: Missing output files: /home/gaga/thomym/clean_pipeline_article/try_1_results/bcac_onco_eur-5pcs/pre_clumping_and_ld/bcac_onco_eur-5pcs_FILTERED_1kg/ds.fam, /home/gaga/thomym/clean_pipeline_article/try_1_results/bcac_onco_eur-5pcs/pre_clumping_and_ld/bcac_onco_eur-5pcs_FILTERED_1kg/ds.bim, /home/gaga/thomym/clean_pipeline_article/try_1_results/bcac_onco_eur-5pcs/pre_clumping_and_ld/bcac_onco_eur-5pcs_FILTERED_1kg/ds.bed, /home/gaga/thomym/clean_pipeline_article/try_1_results/bcac_onco_eur-5pcs/pre_clumping_and_ld/gwas_for_clumping.txt
    wildcards: gwas=bcac_onco_eur-5pcs
    resources: tmpdir=/tmp

[Wed Jan 14 14:12:54 2026]
Finished job 8.
1 of 1213 steps (0.1%) done
Select jobs to execute...

[Wed Jan 14 14:12:54 2026]
rule main_gwas_to_vcf:
    input: /home/gaga/thomym/clean_pipeline_article/try_1_results/D2_ldlp_willer_2013/pre_clumping_and_ld/D2_ldlp_willer_2013_FILTERED_1kg/ds.bed, /home/gaga/thomym/clean_pipeline_article/try_1_results/D2_ldlp_willer_2013/pre_clumping_and_ld/D2_ldlp_willer_2013_FILTERED_1kg/ds.bim, /home/gaga/thomym/clean_pipeline_article/try_1_results/D2_ldlp_willer_2013/pre_clumping_and_ld/D2_ldlp_willer_2013_FILTERED_1kg/ds.fam, /home/gaga/thomym/clean_pipeline_article/try_1_results/D2_ldlp_willer_2013/pre_clumping_and_ld/gwas_for_clumping.txt
    output: /home/gaga/thomym/clean_pipeline_article/try_1_results/D2_ldlp_willer_2013/clumping_and_vcfs_outputs/main_gwas_snps_correct_ref_final.vcf, /home/gaga/thomym/clean_pipeline_article/try_1_results/D2_ldlp_willer_2013/clumping_and_vcfs_outputs
    jobid: 7
    reason: Missing output files: /home/gaga/thomym/clean_pipeline_article/try_1_results/D2_ldlp_willer_2013/clumping_and_vcfs_outputs, /home/gaga/thomym/clean_pipeline_article/try_1_results/D2_ldlp_willer_2013/clumping_and_vcfs_outputs/main_gwas_snps_correct_ref_final.vcf; Input files updated by another job: /home/gaga/thomym/clean_pipeline_article/try_1_results/D2_ldlp_willer_2013/pre_clumping_and_ld/D2_ldlp_willer_2013_FILTERED_1kg/ds.bed, /home/gaga/thomym/clean_pipeline_article/try_1_results/D2_ldlp_willer_2013/pre_clumping_and_ld/D2_ldlp_willer_2013_FILTERED_1kg/ds.bim, /home/gaga/thomym/clean_pipeline_article/try_1_results/D2_ldlp_willer_2013/pre_clumping_and_ld/D2_ldlp_willer_2013_FILTERED_1kg/ds.fam, /home/gaga/thomym/clean_pipeline_article/try_1_results/D2_ldlp_willer_2013/pre_clumping_and_ld/gwas_for_clumping.txt
    wildcards: gwas=D2_ldlp_willer_2013
    resources: tmpdir=/tmp

[Wed Jan 14 14:13:03 2026]
Error in rule main_gwas_to_vcf:
    jobid: 7
    input: /home/gaga/thomym/clean_pipeline_article/try_1_results/D2_ldlp_willer_2013/pre_clumping_and_ld/D2_ldlp_willer_2013_FILTERED_1kg/ds.bed, /home/gaga/thomym/clean_pipeline_article/try_1_results/D2_ldlp_willer_2013/pre_clumping_and_ld/D2_ldlp_willer_2013_FILTERED_1kg/ds.bim, /home/gaga/thomym/clean_pipeline_article/try_1_results/D2_ldlp_willer_2013/pre_clumping_and_ld/D2_ldlp_willer_2013_FILTERED_1kg/ds.fam, /home/gaga/thomym/clean_pipeline_article/try_1_results/D2_ldlp_willer_2013/pre_clumping_and_ld/gwas_for_clumping.txt
    output: /home/gaga/thomym/clean_pipeline_article/try_1_results/D2_ldlp_willer_2013/clumping_and_vcfs_outputs/main_gwas_snps_correct_ref_final.vcf, /home/gaga/thomym/clean_pipeline_article/try_1_results/D2_ldlp_willer_2013/clumping_and_vcfs_outputs
    shell:
        
        bash main_gwas_to_vcf_blacklist_local_bcf.sh             -n D2_ldlp_willer_2013             -b /home/gaga/thomym/clean_pipeline_article/try_1_results/D2_ldlp_willer_2013             -p 5e-8
            -f /home/gaga/thomym/sei/sei-framework/resources/hg19_UCSC.fa
        
        (one of the commands exited with non-zero exit code; note that snakemake uses bash strict mode!)

Removing output files of failed job main_gwas_to_vcf since they might be corrupted:
/home/gaga/thomym/clean_pipeline_article/try_1_results/D2_ldlp_willer_2013/clumping_and_vcfs_outputs
[Wed Jan 14 14:14:18 2026]
Finished job 6.
2 of 1213 steps (0.2%) done
[Wed Jan 14 14:15:05 2026]
Finished job 4.
3 of 1213 steps (0.2%) done
[Wed Jan 14 14:16:43 2026]
Finished job 2.
4 of 1213 steps (0.3%) done
Shutting down, this might take some time.
Exiting because a job execution failed. Look above for error message
Complete log: .snakemake/log/2026-01-14T135012.801019.snakemake.log
